<?xml version="1.0" encoding="utf-8"?><testsuites name="pytest tests"><testsuite name="pytest" errors="0" failures="0" skipped="0" tests="42" time="11.336" timestamp="2026-05-10T15:58:26.590020+00:00" hostname="agent-env-bb4d2deb-7d2f-4142-a24e-4272988cd6b2"><testcase classname="test_auth" name="test_health_root" time="0.291" /><testcase classname="test_auth" name="test_register_success_returns_jwt" time="0.421" /><testcase classname="test_auth" name="test_register_duplicate_email_returns_400" time="0.375" /><testcase classname="test_auth" name="test_register_short_password_returns_422" time="0.048" /><testcase classname="test_auth" name="test_register_invalid_email_returns_422" time="0.064" /><testcase classname="test_auth" name="test_login_success" time="1.124" /><testcase classname="test_auth" name="test_login_wrong_password_returns_401" time="0.616" /><testcase classname="test_auth" name="test_login_unknown_email_returns_401" time="0.072" /><testcase classname="test_auth" name="test_me_with_valid_token" time="0.104" /><testcase classname="test_auth" name="test_me_without_token_returns_401" time="0.209" /><testcase classname="test_auth" name="test_me_invalid_token_returns_401" time="0.123" /><testcase classname="test_auth" name="test_pre_existing_user_login" time="0.774" /><testcase classname="test_backward_compat" name="test_profile_legacy_foto_base64_rehydrated_as_foto_url" time="0.367" /><testcase classname="test_backward_compat" name="test_dono_legacy_foto_base64_list_rehydrated_as_foto_urls" time="0.517" /><testcase classname="test_chat" name="test_start_conversation_with_self_returns_400" time="0.059" /><testcase classname="test_chat" name="test_start_conversation_unknown_user_returns_404" time="0.055" /><testcase classname="test_chat" name="test_start_conversation_deterministic" time="0.499" /><testcase classname="test_chat" name="test_send_and_list_messages" time="0.230" /><testcase classname="test_chat" name="test_non_participant_cannot_post_or_list" time="0.557" /><testcase classname="test_chat" name="test_empty_message_returns_400" time="0.110" /><testcase classname="test_chat" name="test_lista_conversazioni_contains_started" time="0.190" /><testcase classname="test_chat" name="test_chat_endpoints_require_auth" time="0.486" /><testcase classname="test_doni" name="test_create_dono_success" time="0.111" /><testcase classname="test_doni" name="test_create_dono_no_photos_returns_400" time="0.064" /><testcase classname="test_doni" name="test_get_dono_by_id_404" time="0.061" /><testcase classname="test_doni" name="test_get_dono_by_id_success" time="0.123" /><testcase classname="test_doni" name="test_lista_doni_includes_created_with_foto_urls" time="0.142" /><testcase classname="test_doni" name="test_miei_doni_only_returns_own" time="0.194" /><testcase classname="test_doni" name="test_delete_dono_owner_then_not_in_list" time="0.506" /><testcase classname="test_doni" name="test_delete_dono_not_owner_returns_403" time="0.124" /><testcase classname="test_doni" name="test_delete_unknown_dono_returns_404" time="0.062" /><testcase classname="test_doni" name="test_doni_endpoints_require_auth" time="0.521" /><testcase classname="test_profile" name="test_get_my_profile_returns_null_for_new_user" time="0.339" /><testcase classname="test_profile" name="test_put_profile_with_foto_url_then_get" time="0.111" /><testcase classname="test_profile" name="test_put_profile_missing_required_fields_returns_422" time="0.110" /><testcase classname="test_profile" name="test_put_profile_upserts_idempotent" time="0.169" /><testcase classname="test_profile" name="test_get_profile_by_user_id" time="0.130" /><testcase classname="test_profile" name="test_get_profile_unknown_user_returns_null" time="0.056" /><testcase classname="test_profile" name="test_profile_endpoints_require_auth" time="0.381" /><testcase classname="test_uploads" name="test_upload_image_success_returns_cloudinary_url" time="0.474" /><testcase classname="test_uploads" name="test_upload_image_empty_base64_returns_400" time="0.050" /><testcase classname="test_uploads" name="test_upload_image_without_token_returns_401" time="0.172" /></testsuite></testsuites>