<?xml version="1.0" encoding="utf-8"?><testsuites name="pytest tests"><testsuite name="pytest" errors="0" failures="0" skipped="0" tests="37" time="7.779" timestamp="2026-05-10T14:45:45.938194+00:00" hostname="agent-env-bb4d2deb-7d2f-4142-a24e-4272988cd6b2"><testcase classname="test_auth" name="test_health_root" time="0.157" /><testcase classname="test_auth" name="test_register_success_returns_jwt" time="0.350" /><testcase classname="test_auth" name="test_register_duplicate_email_returns_400" time="0.323" /><testcase classname="test_auth" name="test_register_short_password_returns_422" time="0.046" /><testcase classname="test_auth" name="test_register_invalid_email_returns_422" time="0.047" /><testcase classname="test_auth" name="test_login_success" time="0.545" /><testcase classname="test_auth" name="test_login_wrong_password_returns_401" time="0.268" /><testcase classname="test_auth" name="test_login_unknown_email_returns_401" time="0.043" /><testcase classname="test_auth" name="test_me_with_valid_token" time="0.045" /><testcase classname="test_auth" name="test_me_without_token_returns_401" time="0.105" /><testcase classname="test_auth" name="test_me_invalid_token_returns_401" time="0.095" /><testcase classname="test_auth" name="test_pre_existing_user_login" time="0.328" /><testcase classname="test_chat" name="test_start_conversation_with_self_returns_400" time="0.049" /><testcase classname="test_chat" name="test_start_conversation_unknown_user_returns_404" time="0.046" /><testcase classname="test_chat" name="test_start_conversation_deterministic" time="0.879" /><testcase classname="test_chat" name="test_send_and_list_messages" time="0.189" /><testcase classname="test_chat" name="test_non_participant_cannot_post_or_list" time="0.722" /><testcase classname="test_chat" name="test_empty_message_returns_400" time="0.101" /><testcase classname="test_chat" name="test_lista_conversazioni_contains_started" time="0.143" /><testcase classname="test_chat" name="test_chat_endpoints_require_auth" time="0.437" /><testcase classname="test_doni" name="test_create_dono_success" time="0.252" /><testcase classname="test_doni" name="test_create_dono_no_photos_returns_400" time="0.047" /><testcase classname="test_doni" name="test_get_dono_by_id_404" time="0.045" /><testcase classname="test_doni" name="test_get_dono_by_id_success" time="0.092" /><testcase classname="test_doni" name="test_lista_doni_includes_created" time="0.224" /><testcase classname="test_doni" name="test_miei_doni_only_returns_own" time="0.233" /><testcase classname="test_doni" name="test_delete_dono_owner_then_not_in_list" time="0.200" /><testcase classname="test_doni" name="test_delete_dono_not_owner_returns_403" time="0.095" /><testcase classname="test_doni" name="test_delete_unknown_dono_returns_404" time="0.080" /><testcase classname="test_doni" name="test_doni_endpoints_require_auth" time="0.455" /><testcase classname="test_profile" name="test_get_my_profile_returns_null_for_new_user" time="0.314" /><testcase classname="test_profile" name="test_put_profile_then_get" time="0.091" /><testcase classname="test_profile" name="test_put_profile_missing_required_fields_returns_422" time="0.091" /><testcase classname="test_profile" name="test_put_profile_upserts_idempotent" time="0.134" /><testcase classname="test_profile" name="test_get_profile_by_user_id" time="0.092" /><testcase classname="test_profile" name="test_get_profile_unknown_user_returns_null" time="0.068" /><testcase classname="test_profile" name="test_profile_endpoints_require_auth" time="0.309" /></testsuite></testsuites>